Unity Editor version:    2021.2.5f1 (4ec9a5e799f5)
Branch:                  2021.2/staging
Build type:              Release
Batch mode:              YES
macOS version:           Version 12.0.1 (Build 21A559)
Darwin version:          21.1.0
Architecture:            arm64
Running under Rosetta:   NO
Available memory:        8192 MB
Using pre-set license
Pro License: NO

COMMAND LINE ARGUMENTS:
/Applications/Unity/Hub/Editor/2021.2.5f1/Unity.app/Contents/MacOS/Unity
-adb2
-batchMode
-noUpm
-name
AssetImportWorker0
-projectPath
/Users/msmb/Desktop/Create-jam/CreateJam
-logFile
Logs/AssetImportWorker0.log
-srvPort
49509
Successfully changed project path to: /Users/msmb/Desktop/Create-jam/CreateJam
/Users/msmb/Desktop/Create-jam/CreateJam
[UnityMemory] Configuration Parameters - Can be set up in boot.config
    "memorysetup-bucket-allocator-granularity=16"
    "memorysetup-bucket-allocator-bucket-count=8"
    "memorysetup-bucket-allocator-block-size=33554432"
    "memorysetup-bucket-allocator-block-count=8"
    "memorysetup-main-allocator-block-size=16777216"
    "memorysetup-thread-allocator-block-size=16777216"
    "memorysetup-gfx-main-allocator-block-size=16777216"
    "memorysetup-gfx-thread-allocator-block-size=16777216"
    "memorysetup-cache-allocator-block-size=4194304"
    "memorysetup-typetree-allocator-block-size=2097152"
    "memorysetup-profiler-bucket-allocator-granularity=16"
    "memorysetup-profiler-bucket-allocator-bucket-count=8"
    "memorysetup-profiler-bucket-allocator-block-size=33554432"
    "memorysetup-profiler-bucket-allocator-block-count=8"
    "memorysetup-profiler-allocator-block-size=16777216"
    "memorysetup-profiler-editor-allocator-block-size=1048576"
    "memorysetup-temp-allocator-size-main=16777216"
    "memorysetup-job-temp-allocator-block-size=2097152"
    "memorysetup-job-temp-allocator-block-size-background=1048576"
    "memorysetup-job-temp-allocator-reduction-small-platforms=262144"
    "memorysetup-temp-allocator-size-background-worker=32768"
    "memorysetup-temp-allocator-size-job-worker=262144"
    "memorysetup-temp-allocator-size-preload-manager=33554432"
    "memorysetup-temp-allocator-size-nav-mesh-worker=65536"
    "memorysetup-temp-allocator-size-audio-worker=65536"
    "memorysetup-temp-allocator-size-cloud-worker=32768"
    "memorysetup-temp-allocator-size-gi-baking-worker=262144"
    "memorysetup-temp-allocator-size-gfx=262144"
Refreshing native plugins compatible for Editor in 64.25 ms, found 2 plugins.
Preloading 0 native plugins for Editor in 0.00 ms.
Initialize engine version: 2021.2.5f1 (4ec9a5e799f5)
[Subsystems] Discovering subsystems at path /Applications/Unity/Hub/Editor/2021.2.5f1/Unity.app/Contents/Resources/UnitySubsystems
[Subsystems] Discovering subsystems at path /Users/msmb/Desktop/Create-jam/CreateJam/Assets
GfxDevice: creating device client; threaded=0; jobified=0
 preferred device: Apple M1 (high power)
Metal devices available: 1
0: Apple M1 (high power)
Using device Apple M1 (high power)
Initializing Metal device caps: Apple M1
Initialize mono
Mono path[0] = '/Applications/Unity/Hub/Editor/2021.2.5f1/Unity.app/Contents/Managed'
Mono path[1] = '/Applications/Unity/Hub/Editor/2021.2.5f1/Unity.app/Contents/MonoBleedingEdge/lib/mono/unityjit-macos'
Mono config path = '/Applications/Unity/Hub/Editor/2021.2.5f1/Unity.app/Contents/MonoBleedingEdge/etc'
Using monoOptions --debugger-agent=transport=dt_socket,embedding=1,server=y,suspend=n,address=127.0.0.1:56527
Begin MonoManager ReloadAssembly
Registering precompiled unity dll's ...
Register platform support module: /Applications/Unity/Hub/Editor/2021.2.5f1/Unity.app/Contents/PlaybackEngines/MacStandaloneSupport/UnityEditor.OSXStandalone.Extensions.dll
Registered in 0.001478 seconds.
Native extension for OSXStandalone target not found
Refreshing native plugins compatible for Editor in 71.60 ms, found 2 plugins.
Preloading 0 native plugins for Editor in 0.00 ms.
Mono: successfully reloaded assembly
- Completed reload, in  0.420 seconds
Domain Reload Profiling:
	ReloadAssembly (420ms)
		BeginReloadAssembly (62ms)
			ExecutionOrderSort (0ms)
			DisableScriptedObjects (0ms)
			BackupInstance (0ms)
			ReleaseScriptingObjects (0ms)
			CreateAndSetChildDomain (0ms)
		EndReloadAssembly (307ms)
			LoadAssemblies (62ms)
			RebuildTransferFunctionScriptingTraits (0ms)
			SetupTypeCache (67ms)
			ReleaseScriptCaches (0ms)
			RebuildScriptCaches (18ms)
			SetupLoadedEditorAssemblies (195ms)
				LogAssemblyErrors (0ms)
				InitializePlatformSupportModulesInManaged (8ms)
				SetLoadedEditorAssemblies (0ms)
				RefreshPlugins (72ms)
				BeforeProcessingInitializeOnLoad (1ms)
				ProcessInitializeOnLoadAttributes (90ms)
				ProcessInitializeOnLoadMethodAttributes (25ms)
				AfterProcessingInitializeOnLoad (0ms)
				EditorAssembliesLoaded (0ms)
			ExecutionOrderSort2 (0ms)
			AwakeInstancesAfterBackupRestoration (0ms)
Platform modules already initialized, skipping
Registering precompiled user dll's ...
Registered in 0.001717 seconds.
Begin MonoManager ReloadAssembly
Symbol file LoadedFromMemory doesn't match image /Users/msmb/Desktop/Create-jam/CreateJam/Library/PackageCache/com.unity.visualscripting@1.7.5/Editor/VisualScripting.Core/Dependencies/YamlDotNet/Unity.VisualScripting.YamlDotNet.dll
Symbol file LoadedFromMemory doesn't match image /Users/msmb/Desktop/Create-jam/CreateJam/Library/PackageCache/com.unity.visualscripting@1.7.5/Editor/VisualScripting.Core/Dependencies/DotNetZip/Unity.VisualScripting.IonicZip.dll
Native extension for OSXStandalone target not found
Refreshing native plugins compatible for Editor in 0.35 ms, found 2 plugins.
Preloading 0 native plugins for Editor in 0.00 ms.
Mono: successfully reloaded assembly
- Completed reload, in  0.699 seconds
Domain Reload Profiling:
	ReloadAssembly (700ms)
		BeginReloadAssembly (102ms)
			ExecutionOrderSort (0ms)
			DisableScriptedObjects (3ms)
			BackupInstance (0ms)
			ReleaseScriptingObjects (0ms)
			CreateAndSetChildDomain (13ms)
		EndReloadAssembly (537ms)
			LoadAssemblies (53ms)
			RebuildTransferFunctionScriptingTraits (0ms)
			SetupTypeCache (169ms)
			ReleaseScriptCaches (0ms)
			RebuildScriptCaches (31ms)
			SetupLoadedEditorAssemblies (215ms)
				LogAssemblyErrors (0ms)
				InitializePlatformSupportModulesInManaged (4ms)
				SetLoadedEditorAssemblies (0ms)
				RefreshPlugins (0ms)
				BeforeProcessingInitializeOnLoad (54ms)
				ProcessInitializeOnLoadAttributes (140ms)
				ProcessInitializeOnLoadMethodAttributes (15ms)
				AfterProcessingInitializeOnLoad (1ms)
				EditorAssembliesLoaded (0ms)
			ExecutionOrderSort2 (0ms)
			AwakeInstancesAfterBackupRestoration (2ms)
Platform modules already initialized, skipping
========================================================================
Worker process is ready to serve import requests
Launching external process: /Applications/Unity/Hub/Editor/2021.2.5f1/Unity.app/Contents/Tools/UnityShaderCompiler
Launched and connected shader compiler UnityShaderCompiler after 0.24 seconds
Refreshing native plugins compatible for Editor in 0.41 ms, found 2 plugins.
Preloading 0 native plugins for Editor in 0.00 ms.
Unloading 3212 Unused Serialized files (Serialized files now loaded: 0)
Unloading 26 unused Assets / (95.9 KB). Loaded Objects now: 3670.
Memory consumption went from 281.1 MB to 281.0 MB.
Total: 2.347458 ms (FindLiveObjects: 0.148334 ms CreateObjectMapping: 0.047041 ms MarkObjects: 2.056667 ms  DeleteObjects: 0.092542 ms)

AssetImportParameters requested are different than current active one (requested -> active):
  custom:video-decoder-ogg-theora: a1e56fd34408186e4bbccfd4996cb3dc -> 
  custom:container-muxer-webm: aa71ff27fc2769a1b78a27578f13a17b -> 
  custom:container-demuxer-webm: 4f35f7cbe854078d1ac9338744f61a02 -> 
  custom:video-encoder-webm-vp8: eb34c28f22e8b96e1ab97ce403110664 -> 
  custom:framework-osx-AVFoundation: e770b220cccbd017edd2c1fefb359320 -> 
  custom:audio-encoder-webm-vorbis: bf7c407c2cedff20999df2af8eb42d56 -> 
  custom:container-demuxer-ogg: 62fdf1f143b41e24485cea50d1cbac27 -> 
  custom:video-decoder-webm-vp8: 9c59270c3fd7afecdb556c50c9e8de78 -> 
  custom:audio-decoder-ogg-vorbis: bf7c407c2cedff20999df2af8eb42d56 -> 
========================================================================
Received Import Request.
  Time since last request: 9362.949814 seconds.
  path: Assets/Images
  artifactKey: Guid(667076c91759e4f3a8e3b2c2ec2d32f1) Importer(815301076,1909f56bfc062723c751e8b465ee728b)
Start importing Assets/Images using Guid(667076c91759e4f3a8e3b2c2ec2d32f1) Importer(815301076,1909f56bfc062723c751e8b465ee728b)  -> (artifact id: '6a43c4c19cfe4288155444b06b0d2ace') in 0.004466 seconds 
========================================================================
Received Import Request.
  Time since last request: 21.989540 seconds.
  path: Assets/Images/2579556.png
  artifactKey: Guid(2820d3e35bb85480189c957e6e5001fd) Importer(815301076,1909f56bfc062723c751e8b465ee728b)
Start importing Assets/Images/2579556.png using Guid(2820d3e35bb85480189c957e6e5001fd) Importer(815301076,1909f56bfc062723c751e8b465ee728b)  -> (artifact id: '1a7b19c5efce8c8f3a225663fd81bc93') in 0.725550 seconds 
========================================================================
Received Import Request.
  Time since last request: 188.923619 seconds.
  path: Assets/Materials
  artifactKey: Guid(125948b99ba7b4d8a9aa1f23c5869c7e) Importer(815301076,1909f56bfc062723c751e8b465ee728b)
Start importing Assets/Materials using Guid(125948b99ba7b4d8a9aa1f23c5869c7e) Importer(815301076,1909f56bfc062723c751e8b465ee728b)  -> (artifact id: '20be64d4a3a70e0fde499505db8cfee8') in 0.001619 seconds 
========================================================================
Received Import Request.
  Time since last request: 9.736362 seconds.
  path: Assets/Materials/OutlineShader.mat
  artifactKey: Guid(950f1d637f7514aad9df03dc090e77b6) Importer(815301076,1909f56bfc062723c751e8b465ee728b)
Start importing Assets/Materials/OutlineShader.mat using Guid(950f1d637f7514aad9df03dc090e77b6) Importer(815301076,1909f56bfc062723c751e8b465ee728b)  -> (artifact id: '822ecac4c93f69108093fe291fd027fb') in 0.916669 seconds 
========================================================================
Received Import Request.
  Time since last request: 13.530572 seconds.
  path: Assets/Materials/OutlineShader.shader
  artifactKey: Guid(245f0cb3602234dca95c8e737c120345) Importer(815301076,1909f56bfc062723c751e8b465ee728b)
Start importing Assets/Materials/OutlineShader.shader using Guid(245f0cb3602234dca95c8e737c120345) Importer(815301076,1909f56bfc062723c751e8b465ee728b)  -> (artifact id: '87145b6df10fcb7e3e11d1e30c46bc40') in 0.034176 seconds 
========================================================================
Received Import Request.
  Time since last request: 125.792393 seconds.
  path: Assets/Materials/OutlineShader.shader
  artifactKey: Guid(245f0cb3602234dca95c8e737c120345) Importer(815301076,1909f56bfc062723c751e8b465ee728b)
Start importing Assets/Materials/OutlineShader.shader using Guid(245f0cb3602234dca95c8e737c120345) Importer(815301076,1909f56bfc062723c751e8b465ee728b)  -> (artifact id: '14fa5002c0e003080531da4094cb28ea') in 0.015348 seconds 
========================================================================
Received Import Request.
  Time since last request: 35.815962 seconds.
  path: Assets/Images/ramp.png
  artifactKey: Guid(f7ce04c22eeee42eea7facdfb61ae7a6) Importer(815301076,1909f56bfc062723c751e8b465ee728b)
Start importing Assets/Images/ramp.png using Guid(f7ce04c22eeee42eea7facdfb61ae7a6) Importer(815301076,1909f56bfc062723c751e8b465ee728b)  -> (artifact id: 'f31e9d1e3eecf4bd5a454dbfcf40705e') in 0.033130 seconds 
========================================================================
Received Import Request.
  Time since last request: 759.517483 seconds.
  path: Assets/Scenes
  artifactKey: Guid(6ea315d0fd7389c41b19996891e99ae3) Importer(815301076,1909f56bfc062723c751e8b465ee728b)
Start importing Assets/Scenes using Guid(6ea315d0fd7389c41b19996891e99ae3) Importer(815301076,1909f56bfc062723c751e8b465ee728b)  -> (artifact id: 'b8193726cff86800c54781cdc6d54904') in 0.002092 seconds 
========================================================================
Received Import Request.
  Time since last request: 218.429996 seconds.
  path: Assets/Images/1621824.png
  artifactKey: Guid(f13ccff6fbd38485890eb2ee10bdcab8) Importer(815301076,1909f56bfc062723c751e8b465ee728b)
Start importing Assets/Images/1621824.png using Guid(f13ccff6fbd38485890eb2ee10bdcab8) Importer(815301076,1909f56bfc062723c751e8b465ee728b)  -> (artifact id: '7953d54b5053ad6f99971df27a658404') in 0.029389 seconds 
========================================================================
Received Import Request.
  Time since last request: 239.299064 seconds.
  path: Assets/Images/1621824.png
  artifactKey: Guid(f13ccff6fbd38485890eb2ee10bdcab8) Importer(815301076,1909f56bfc062723c751e8b465ee728b)
Start importing Assets/Images/1621824.png using Guid(f13ccff6fbd38485890eb2ee10bdcab8) Importer(815301076,1909f56bfc062723c751e8b465ee728b)  -> (artifact id: '132b6f893dedf3caf9b10a64af472aeb') in 0.050866 seconds 
========================================================================
Received Import Request.
  Time since last request: 172.403073 seconds.
  path: Assets/Materials/OutlineShader.mat
  artifactKey: Guid(950f1d637f7514aad9df03dc090e77b6) Importer(815301076,1909f56bfc062723c751e8b465ee728b)
Start importing Assets/Materials/OutlineShader.mat using Guid(950f1d637f7514aad9df03dc090e77b6) Importer(815301076,1909f56bfc062723c751e8b465ee728b)  -> (artifact id: '11f217f5ea82f9abfbc2a771c47c83b9') in 0.143310 seconds 
========================================================================
Received Import Request.
  Time since last request: 370.367878 seconds.
  path: Assets/Materials/OutlineShader.mat
  artifactKey: Guid(950f1d637f7514aad9df03dc090e77b6) Importer(815301076,1909f56bfc062723c751e8b465ee728b)
Start importing Assets/Materials/OutlineShader.mat using Guid(950f1d637f7514aad9df03dc090e77b6) Importer(815301076,1909f56bfc062723c751e8b465ee728b)  -> (artifact id: 'a3cb1b6c2ffebbd53f469ac21f2450d5') in 0.015015 seconds 
